RunMapReduceFramework started with 5 threads
Thread ExecMap 1[20.5.2017 21:20:8]
Thread ExecMap 1[20.5.2017 21:20:8]
Thread ExecMap 1[20.5.2017 21:20:8]
Thread ExecMap 1[20.5.2017 21:20:8]
Thread ExecMap 1[20.5.2017 21:20:8]
Thread Shuffle 1[20.5.2017 21:20:8]
Thread ExecMap 0[20.5.2017 21:20:8]
Thread ExecMap 0[20.5.2017 21:20:8]
Thread ExecMap 0[20.5.2017 21:20:8]
Thread ExecMap 0[20.5.2017 21:20:8]
Thread ExecMap 0[20.5.2017 21:20:8]
Thread Shuffle 0[20.5.2017 21:20:8]
Map and Shuffle took -1.4951e+12 ns
Thread ExecReduce 1[20.5.2017 21:20:8]
Thread ExecReduce 1[20.5.2017 21:20:8]
Thread ExecReduce 1[20.5.2017 21:20:8]
Thread ExecReduce 1[20.5.2017 21:20:8]
Thread ExecReduce 1[20.5.2017 21:20:8]
Thread ExecReduce 0[20.5.2017 21:20:8]
Thread ExecReduce 0[20.5.2017 21:20:8]
Thread ExecReduce 0[20.5.2017 21:20:8]
Thread ExecReduce 0[20.5.2017 21:20:8]
Thread ExecReduce 0[20.5.2017 21:20:8]
Reduce took -1.4951e+12 ns
RunMapReduceFramework finished
RunMapReduceFramework started with 2 threads
Thread ExecMap created [20.5.2017 21:21:37]
Thread ExecMap created [20.5.2017 21:21:37]
Thread Shuffle created [20.5.2017 21:21:37]
Thread ExecMap terminated [20.5.2017 21:21:37]
Thread ExecMap terminated [20.5.2017 21:21:37]
Thread Shuffle terminated [20.5.2017 21:21:37]
Map and Shuffle took -1.49484e+12 ns
Thread ExecReduce created [20.5.2017 21:21:37]
Thread ExecReduce created [20.5.2017 21:21:37]
Thread ExecReduce terminated [20.5.2017 21:21:37]
Thread ExecReduce terminated [20.5.2017 21:21:37]
Reduce took -1.49483e+12 ns
RunMapReduceFramework finished
